<?xml version="1.0" encoding="UTF-8"?>
<!-- Generated by org.testng.reporters.JUnitReportReporter -->
<testsuite hostname="DESKTOP-T7ICSD7" failures="0" tests="1" name="TestCases.TC01_Add_Nationalities" time="22.333" errors="0" timestamp="2022-06-28T11:24:58 IST" skipped="0">
  <testcase classname="TestCases.TC01_Add_Nationalities" name="Test1_Nationality" time="22.333"/>
  <system-out/>
</testsuite> <!-- TestCases.TC01_Add_Nationalities -->
