<?xml version="1.0" encoding="UTF-8"?>
<!-- Generated by org.testng.reporters.JUnitReportReporter -->
<testsuite hostname="DESKTOP-BDCU2EV" failures="0" tests="1" name="TestCases.TC01_Add_Nationality" time="25.131" errors="0" timestamp="2022-04-27T09:29:10 IST" skipped="0">
  <testcase classname="TestCases.TC01_Add_Nationality" name="Test1" time="25.131"/>
  <system-out>
    <![CDATA[<table> <tr >  <img   style="border:1px solid black;"      src="C:\HTML Report\HtmlTemplates\Logo.JPEG"></tr><tr   ><center><font color="red"  size="15" >TC01_Add_Nationality_2022_Apr_27_9_28_46_AM</font></center></tr><tr bgcolor="#9370DB"> <th width="100px"> <center><font color="white"  size="4" >Steps</font></center><font color="white"  size="4" ></font></center> </th> <th width="450px" ><center><font color="white"  size="4" >Details </font> </center></th> <th width="100px" ><center><font color="white"  size="4" >Status</font></center></th>  <th  width="250px"  ><center><font color="white"  size="4" >Screen Shots</font></center></th> <th width="250px"  ><center><font color="white"  size="4" >Date & Time</font></center></th>  </tr>       
 <tr bgcolor="#eee"> <th width="100px"> <center>Step&nbsp;1</center> </th> <th width="450px" ><center><b><font color='black'>   Login Page - Orange HRM Login Page</b> </font></center></th> <th width="100px" ><center><img src='file:///C:\HTML Report\HtmlTemplates\passed.ico'    +     "width="30" + height="30"></img></center></th>  <th  width="250px"  ><center><a href=C:/HTML Report/test-output/TempScreenShots/TC01_Add_Nationality_2022_Apr_27_9_28_46_AM_2022_Apr_27_9_28_46_403_AM/27_Apr_2022 9_28_52_467 AM.png target="popup" onclick="window.open('C:/HTML Report/test-output/TempScreenShots/TC01_Add_Nationality_2022_Apr_27_9_28_46_AM_2022_Apr_27_9_28_46_403_AM/27_Apr_2022 9_28_52_467 AM.png','popup','width=600,height=600'); return false;"> ScreenShot</a> </center></th> <th width="250px"  ><center>2022_Apr_27_9_28_52_932_AM</center></th>  </tr>      
 <tr bgcolor="#ddd"> <th width="100px"> <center>Step&nbsp;2</center> </th> <th width="450px" ><center><b><font color='black'>   Login Page - credentials</b> </font></center></th> <th width="100px" ><center><img src='file:///C:\HTML Report\HtmlTemplates\passed.ico'    +     "width="30" + height="30"></img></center></th>  <th  width="250px"  ><center><a href=C:/HTML Report/test-output/TempScreenShots/TC01_Add_Nationality_2022_Apr_27_9_28_46_AM_2022_Apr_27_9_28_46_403_AM/27_Apr_2022 9_28_53_328 AM.png target="popup" onclick="window.open('C:/HTML Report/test-output/TempScreenShots/TC01_Add_Nationality_2022_Apr_27_9_28_46_AM_2022_Apr_27_9_28_46_403_AM/27_Apr_2022 9_28_53_328 AM.png','popup','width=600,height=600'); return false;"> ScreenShot</a> </center></th> <th width="250px"  ><center>2022_Apr_27_9_28_53_543_AM</center></th>  </tr>      
 <tr bgcolor="#eee"> <th width="100px"> <center>Step&nbsp;3</center> </th> <th width="450px" ><center><b><font color='black'>   Nationality Page - Nationality Entered</b> </font></center></th> <th width="100px" ><center><img src='file:///C:\HTML Report\HtmlTemplates\passed.ico'    +     "width="30" + height="30"></img></center></th>  <th  width="250px"  ><center><a href=C:/HTML Report/test-output/TempScreenShots/TC01_Add_Nationality_2022_Apr_27_9_28_46_AM_2022_Apr_27_9_28_46_403_AM/27_Apr_2022 9_29_02_987 AM.png target="popup" onclick="window.open('C:/HTML Report/test-output/TempScreenShots/TC01_Add_Nationality_2022_Apr_27_9_28_46_AM_2022_Apr_27_9_28_46_403_AM/27_Apr_2022 9_29_02_987 AM.png','popup','width=600,height=600'); return false;"> ScreenShot</a> </center></th> <th width="250px"  ><center>2022_Apr_27_9_29_03_240_AM</center></th>  </tr>      
 <tr bgcolor="#ddd"> <th width="100px"> <center>Step&nbsp;4</center> </th> <th width="450px" ><center><b><font color='black'>   Nationality Page - Nationality Entered</b> </font></center></th> <th width="100px" ><center><img src='file:///C:\HTML Report\HtmlTemplates\passed.ico'    +     "width="30" + height="30"></img></center></th>  <th  width="250px"  ><center><a href=C:/HTML Report/test-output/TempScreenShots/TC01_Add_Nationality_2022_Apr_27_9_28_46_AM_2022_Apr_27_9_28_46_403_AM/27_Apr_2022 9_29_03_241 AM.png target="popup" onclick="window.open('C:/HTML Report/test-output/TempScreenShots/TC01_Add_Nationality_2022_Apr_27_9_28_46_AM_2022_Apr_27_9_28_46_403_AM/27_Apr_2022 9_29_03_241 AM.png','popup','width=600,height=600'); return false;"> ScreenShot</a> </center></th> <th width="250px"  ><center>2022_Apr_27_9_29_03_419_AM</center></th>  </tr>      
 <tr bgcolor="#eee"> <th width="100px"> <center>Step&nbsp;5</center> </th> <th width="450px" ><center><b><font color='black'>   Nationality Page - Scroll and verify the record details</b> </font></center></th> <th width="100px" ><center><img src='file:///C:\HTML Report\HtmlTemplates\passed.ico'    +     "width="30" + height="30"></img></center></th>  <th  width="250px"  ><center><a href=C:/HTML Report/test-output/TempScreenShots/TC01_Add_Nationality_2022_Apr_27_9_28_46_AM_2022_Apr_27_9_28_46_403_AM/27_Apr_2022 9_29_04_886 AM.png target="popup" onclick="window.open('C:/HTML Report/test-output/TempScreenShots/TC01_Add_Nationality_2022_Apr_27_9_28_46_AM_2022_Apr_27_9_28_46_403_AM/27_Apr_2022 9_29_04_886 AM.png','popup','width=600,height=600'); return false;"> ScreenShot</a> </center></th> <th width="250px"  ><center>2022_Apr_27_9_29_05_059_AM</center></th>  </tr>      
 <tr bgcolor="#ddd"> <th width="100px"> <center>Step&nbsp;6</center> </th> <th width="450px" ><center><b><font color='black'>   HomePage - Logout</b> </font></center></th> <th width="100px" ><center><img src='file:///C:\HTML Report\HtmlTemplates\passed.ico'    +     "width="30" + height="30"></img></center></th>  <th  width="250px"  ><center><a href=C:/HTML Report/test-output/TempScreenShots/TC01_Add_Nationality_2022_Apr_27_9_28_46_AM_2022_Apr_27_9_28_46_403_AM/27_Apr_2022 9_29_05_360 AM.png target="popup" onclick="window.open('C:/HTML Report/test-output/TempScreenShots/TC01_Add_Nationality_2022_Apr_27_9_28_46_AM_2022_Apr_27_9_28_46_403_AM/27_Apr_2022 9_29_05_360 AM.png','popup','width=600,height=600'); return false;"> ScreenShot</a> </center></th> <th width="250px"  ><center>2022_Apr_27_9_29_05_560_AM</center></th>  </tr>      
 <tr bgcolor="#eee"> <th width="100px"> <center>Step&nbsp;7</center> </th> <th width="450px" ><center><b><font color='black'>   Login - after Logout</b> </font></center></th> <th width="100px" ><center><img src='file:///C:\HTML Report\HtmlTemplates\passed.ico'    +     "width="30" + height="30"></img></center></th>  <th  width="250px"  ><center><a href=C:/HTML Report/test-output/TempScreenShots/TC01_Add_Nationality_2022_Apr_27_9_28_46_AM_2022_Apr_27_9_28_46_403_AM/27_Apr_2022 9_29_06_573 AM.png target="popup" onclick="window.open('C:/HTML Report/test-output/TempScreenShots/TC01_Add_Nationality_2022_Apr_27_9_28_46_AM_2022_Apr_27_9_28_46_403_AM/27_Apr_2022 9_29_06_573 AM.png','popup','width=600,height=600'); return false;"> ScreenShot</a> </center></th> <th width="250px"  ><center>2022_Apr_27_9_29_06_795_AM</center></th>  </tr>      ]]>
  </system-out>
</testsuite> <!-- TestCases.TC01_Add_Nationality -->
