<?xml version="1.0" encoding="UTF-8"?>
<!-- Generated by org.testng.reporters.JUnitReportReporter -->
<testsuite hostname="DESKTOP-BDCU2EV" failures="0" tests="1" name="TestCases.TC01_Test" time="21.608" errors="0" timestamp="2022-06-27T10:34:23 IST" skipped="0">
  <testcase classname="TestCases.TC01_Test" name="Test567" time="21.608"/>
  <system-out>
    <![CDATA[<table> <tr >  <img   style="border:1px solid black;"      src="C:\HTML Report\HtmlTemplates\Logo.JPEG"></tr><tr   ><center><font color="red"  size="15" >TC019_2022_Jun_27_10_34_01_AM</font></center></tr><tr bgcolor="#9370DB"> <th width="100px"> <center><font color="white"  size="4" >Steps</font></center><font color="white"  size="4" ></font></center> </th> <th width="450px" ><center><font color="white"  size="4" >Details </font> </center></th> <th width="100px" ><center><font color="white"  size="4" >Status</font></center></th>  <th  width="250px"  ><center><font color="white"  size="4" >Screen Shots</font></center></th> <th width="250px"  ><center><font color="white"  size="4" >Date & Time</font></center></th>  </tr>       
 <tr bgcolor="#eee"> <th width="100px"> <center>Step&nbsp;1</center> </th> <th width="450px" ><center><b><font color='black'>   Login Page - Orange HRM Login Page</b> </font></center></th> <th width="100px" ><center><img src='file:///C:\HTML Report\HtmlTemplates\passed.ico'    +     "width="30" + height="30"></img></center></th>  <th  width="250px"  ><center><a href=C:/HTML Report/test-output/TempScreenShots/TC019_2022_Jun_27_10_34_01_AM_2022_Jun_27_10_34_04_168_AM/27_Jun_2022 10_34_07_660 AM.png target="popup" onclick="window.open('C:/HTML Report/test-output/TempScreenShots/TC019_2022_Jun_27_10_34_01_AM_2022_Jun_27_10_34_04_168_AM/27_Jun_2022 10_34_07_660 AM.png','popup','width=600,height=600'); return false;"> ScreenShot</a> </center></th> <th width="250px"  ><center>2022_Jun_27_10_34_08_037_AM</center></th>  </tr>      
 <tr bgcolor="#ddd"> <th width="100px"> <center>Step&nbsp;2</center> </th> <th width="450px" ><center><b><font color='black'>   Login Page - credentials</b> </font></center></th> <th width="100px" ><center><img src='file:///C:\HTML Report\HtmlTemplates\passed.ico'    +     "width="30" + height="30"></img></center></th>  <th  width="250px"  ><center><a href=C:/HTML Report/test-output/TempScreenShots/TC019_2022_Jun_27_10_34_01_AM_2022_Jun_27_10_34_04_168_AM/27_Jun_2022 10_34_08_364 AM.png target="popup" onclick="window.open('C:/HTML Report/test-output/TempScreenShots/TC019_2022_Jun_27_10_34_01_AM_2022_Jun_27_10_34_04_168_AM/27_Jun_2022 10_34_08_364 AM.png','popup','width=600,height=600'); return false;"> ScreenShot</a> </center></th> <th width="250px"  ><center>2022_Jun_27_10_34_08_612_AM</center></th>  </tr>      
 <tr bgcolor="#eee"> <th width="100px"> <center>Step&nbsp;3</center> </th> <th width="450px" ><center><b><font color='black'>   Nationality Page - Nationality Entered</b> </font></center></th> <th width="100px" ><center><img src='file:///C:\HTML Report\HtmlTemplates\passed.ico'    +     "width="30" + height="30"></img></center></th>  <th  width="250px"  ><center><a href=C:/HTML Report/test-output/TempScreenShots/TC019_2022_Jun_27_10_34_01_AM_2022_Jun_27_10_34_04_168_AM/27_Jun_2022 10_34_16_512 AM.png target="popup" onclick="window.open('C:/HTML Report/test-output/TempScreenShots/TC019_2022_Jun_27_10_34_01_AM_2022_Jun_27_10_34_04_168_AM/27_Jun_2022 10_34_16_512 AM.png','popup','width=600,height=600'); return false;"> ScreenShot</a> </center></th> <th width="250px"  ><center>2022_Jun_27_10_34_16_722_AM</center></th>  </tr>      
 <tr bgcolor="#ddd"> <th width="100px"> <center>Step&nbsp;4</center> </th> <th width="450px" ><center><b><font color='black'>   Nationality Page - Nationality Entered</b> </font></center></th> <th width="100px" ><center><img src='file:///C:\HTML Report\HtmlTemplates\passed.ico'    +     "width="30" + height="30"></img></center></th>  <th  width="250px"  ><center><a href=C:/HTML Report/test-output/TempScreenShots/TC019_2022_Jun_27_10_34_01_AM_2022_Jun_27_10_34_04_168_AM/27_Jun_2022 10_34_16_722 AM.png target="popup" onclick="window.open('C:/HTML Report/test-output/TempScreenShots/TC019_2022_Jun_27_10_34_01_AM_2022_Jun_27_10_34_04_168_AM/27_Jun_2022 10_34_16_722 AM.png','popup','width=600,height=600'); return false;"> ScreenShot</a> </center></th> <th width="250px"  ><center>2022_Jun_27_10_34_16_884_AM</center></th>  </tr>      
 <tr bgcolor="#eee"> <th width="100px"> <center>Step&nbsp;5</center> </th> <th width="450px" ><center><b><font color='black'>   Nationality Page - Scroll and verify the record details</b> </font></center></th> <th width="100px" ><center><img src='file:///C:\HTML Report\HtmlTemplates\passed.ico'    +     "width="30" + height="30"></img></center></th>  <th  width="250px"  ><center><a href=C:/HTML Report/test-output/TempScreenShots/TC019_2022_Jun_27_10_34_01_AM_2022_Jun_27_10_34_04_168_AM/27_Jun_2022 10_34_18_384 AM.png target="popup" onclick="window.open('C:/HTML Report/test-output/TempScreenShots/TC019_2022_Jun_27_10_34_01_AM_2022_Jun_27_10_34_04_168_AM/27_Jun_2022 10_34_18_384 AM.png','popup','width=600,height=600'); return false;"> ScreenShot</a> </center></th> <th width="250px"  ><center>2022_Jun_27_10_34_18_565_AM</center></th>  </tr>      
 <tr bgcolor="#ddd"> <th width="100px"> <center>Step&nbsp;6</center> </th> <th width="450px" ><center><b><font color='black'>   HomePage - Logout</b> </font></center></th> <th width="100px" ><center><img src='file:///C:\HTML Report\HtmlTemplates\passed.ico'    +     "width="30" + height="30"></img></center></th>  <th  width="250px"  ><center><a href=C:/HTML Report/test-output/TempScreenShots/TC019_2022_Jun_27_10_34_01_AM_2022_Jun_27_10_34_04_168_AM/27_Jun_2022 10_34_18_902 AM.png target="popup" onclick="window.open('C:/HTML Report/test-output/TempScreenShots/TC019_2022_Jun_27_10_34_01_AM_2022_Jun_27_10_34_04_168_AM/27_Jun_2022 10_34_18_902 AM.png','popup','width=600,height=600'); return false;"> ScreenShot</a> </center></th> <th width="250px"  ><center>2022_Jun_27_10_34_19_104_AM</center></th>  </tr>      
 <tr bgcolor="#eee"> <th width="100px"> <center>Step&nbsp;7</center> </th> <th width="450px" ><center><b><font color='black'>   Login - after Logout</b> </font></center></th> <th width="100px" ><center><img src='file:///C:\HTML Report\HtmlTemplates\passed.ico'    +     "width="30" + height="30"></img></center></th>  <th  width="250px"  ><center><a href=C:/HTML Report/test-output/TempScreenShots/TC019_2022_Jun_27_10_34_01_AM_2022_Jun_27_10_34_04_168_AM/27_Jun_2022 10_34_20_217 AM.png target="popup" onclick="window.open('C:/HTML Report/test-output/TempScreenShots/TC019_2022_Jun_27_10_34_01_AM_2022_Jun_27_10_34_04_168_AM/27_Jun_2022 10_34_20_217 AM.png','popup','width=600,height=600'); return false;"> ScreenShot</a> </center></th> <th width="250px"  ><center>2022_Jun_27_10_34_20_484_AM</center></th>  </tr>      ]]>
  </system-out>
</testsuite> <!-- TestCases.TC01_Test -->
